0 info it worked if it ends with ok
1 verbose cli [ '/usr/bin/node', '/usr/bin/npm', 'install' ]
2 info using npm@1.4.23
3 info using node@v0.10.31
4 verbose node symlink /usr/bin/node
5 warn package.json Be-Aware@0.1.0 No repository field.
6 verbose readDependencies using package.json deps
7 verbose install where, deps [ '/var/www/html/Be-Aware',
7 verbose install   [ 'grunt',
7 verbose install     'grunt-contrib-concat',
7 verbose install     'grunt-contrib-watch',
7 verbose install     'grunt-contrib-sass' ] ]
8 info preinstall Be-Aware@0.1.0
9 verbose readDependencies using package.json deps
10 verbose cache add [ 'grunt-contrib-concat@', null ]
11 verbose cache add name=undefined spec="grunt-contrib-concat@" args=["grunt-contrib-concat@",null]
12 verbose parsed url { protocol: null,
12 verbose parsed url   slashes: null,
12 verbose parsed url   auth: null,
12 verbose parsed url   host: null,
12 verbose parsed url   port: null,
12 verbose parsed url   hostname: null,
12 verbose parsed url   hash: null,
12 verbose parsed url   search: null,
12 verbose parsed url   query: null,
12 verbose parsed url   pathname: 'grunt-contrib-concat@',
12 verbose parsed url   path: 'grunt-contrib-concat@',
12 verbose parsed url   href: 'grunt-contrib-concat@' }
13 verbose cache add [ 'grunt-contrib-watch@', null ]
14 verbose cache add name=undefined spec="grunt-contrib-watch@" args=["grunt-contrib-watch@",null]
15 verbose parsed url { protocol: null,
15 verbose parsed url   slashes: null,
15 verbose parsed url   auth: null,
15 verbose parsed url   host: null,
15 verbose parsed url   port: null,
15 verbose parsed url   hostname: null,
15 verbose parsed url   hash: null,
15 verbose parsed url   search: null,
15 verbose parsed url   query: null,
15 verbose parsed url   pathname: 'grunt-contrib-watch@',
15 verbose parsed url   path: 'grunt-contrib-watch@',
15 verbose parsed url   href: 'grunt-contrib-watch@' }
16 verbose cache add [ 'grunt-contrib-sass@', null ]
17 verbose cache add name=undefined spec="grunt-contrib-sass@" args=["grunt-contrib-sass@",null]
18 verbose parsed url { protocol: null,
18 verbose parsed url   slashes: null,
18 verbose parsed url   auth: null,
18 verbose parsed url   host: null,
18 verbose parsed url   port: null,
18 verbose parsed url   hostname: null,
18 verbose parsed url   hash: null,
18 verbose parsed url   search: null,
18 verbose parsed url   query: null,
18 verbose parsed url   pathname: 'grunt-contrib-sass@',
18 verbose parsed url   path: 'grunt-contrib-sass@',
18 verbose parsed url   href: 'grunt-contrib-sass@' }
19 verbose cache add [ 'grunt@~0.4.5', null ]
20 verbose cache add name=undefined spec="grunt@~0.4.5" args=["grunt@~0.4.5",null]
21 verbose parsed url { protocol: null,
21 verbose parsed url   slashes: null,
21 verbose parsed url   auth: null,
21 verbose parsed url   host: null,
21 verbose parsed url   port: null,
21 verbose parsed url   hostname: null,
21 verbose parsed url   hash: null,
21 verbose parsed url   search: null,
21 verbose parsed url   query: null,
21 verbose parsed url   pathname: 'grunt@~0.4.5',
21 verbose parsed url   path: 'grunt@~0.4.5',
21 verbose parsed url   href: 'grunt@~0.4.5' }
22 verbose cache add name="grunt-contrib-concat" spec="" args=["grunt-contrib-concat",""]
23 verbose parsed url { protocol: null,
23 verbose parsed url   slashes: null,
23 verbose parsed url   auth: null,
23 verbose parsed url   host: null,
23 verbose parsed url   port: null,
23 verbose parsed url   hostname: null,
23 verbose parsed url   hash: null,
23 verbose parsed url   search: null,
23 verbose parsed url   query: null,
23 verbose parsed url   pathname: null,
23 verbose parsed url   path: null,
23 verbose parsed url   href: '' }
24 verbose addNamed [ 'grunt-contrib-concat', '' ]
25 verbose addNamed [ null, '*' ]
26 verbose cache add name="grunt-contrib-watch" spec="" args=["grunt-contrib-watch",""]
27 verbose parsed url { protocol: null,
27 verbose parsed url   slashes: null,
27 verbose parsed url   auth: null,
27 verbose parsed url   host: null,
27 verbose parsed url   port: null,
27 verbose parsed url   hostname: null,
27 verbose parsed url   hash: null,
27 verbose parsed url   search: null,
27 verbose parsed url   query: null,
27 verbose parsed url   pathname: null,
27 verbose parsed url   path: null,
27 verbose parsed url   href: '' }
28 verbose addNamed [ 'grunt-contrib-watch', '' ]
29 verbose addNamed [ null, '*' ]
30 verbose cache add name="grunt-contrib-sass" spec="" args=["grunt-contrib-sass",""]
31 verbose parsed url { protocol: null,
31 verbose parsed url   slashes: null,
31 verbose parsed url   auth: null,
31 verbose parsed url   host: null,
31 verbose parsed url   port: null,
31 verbose parsed url   hostname: null,
31 verbose parsed url   hash: null,
31 verbose parsed url   search: null,
31 verbose parsed url   query: null,
31 verbose parsed url   pathname: null,
31 verbose parsed url   path: null,
31 verbose parsed url   href: '' }
32 verbose addNamed [ 'grunt-contrib-sass', '' ]
33 verbose addNamed [ null, '*' ]
34 verbose cache add name="grunt" spec="~0.4.5" args=["grunt","~0.4.5"]
35 verbose parsed url { protocol: null,
35 verbose parsed url   slashes: null,
35 verbose parsed url   auth: null,
35 verbose parsed url   host: null,
35 verbose parsed url   port: null,
35 verbose parsed url   hostname: null,
35 verbose parsed url   hash: null,
35 verbose parsed url   search: null,
35 verbose parsed url   query: null,
35 verbose parsed url   pathname: '~0.4.5',
35 verbose parsed url   path: '~0.4.5',
35 verbose parsed url   href: '~0.4.5' }
36 verbose addNamed [ 'grunt', '~0.4.5' ]
37 verbose addNamed [ null, '>=0.4.5-0 <0.5.0-0' ]
38 silly lockFile 9f2aab3b-grunt-contrib-concat grunt-contrib-concat@
39 verbose lock grunt-contrib-concat@ /home/rusty/.npm/9f2aab3b-grunt-contrib-concat.lock
40 silly lockFile b64937f1-grunt-contrib-watch grunt-contrib-watch@
41 verbose lock grunt-contrib-watch@ /home/rusty/.npm/b64937f1-grunt-contrib-watch.lock
42 silly lockFile 5a9e20b6-grunt-contrib-sass grunt-contrib-sass@
43 verbose lock grunt-contrib-sass@ /home/rusty/.npm/5a9e20b6-grunt-contrib-sass.lock
44 silly lockFile 240974bb-grunt-0-4-5 grunt@~0.4.5
45 verbose lock grunt@~0.4.5 /home/rusty/.npm/240974bb-grunt-0-4-5.lock
46 silly addNameRange { name: 'grunt-contrib-concat', range: '*', hasData: false }
47 silly addNameRange { name: 'grunt-contrib-watch', range: '*', hasData: false }
48 silly addNameRange { name: 'grunt-contrib-sass', range: '*', hasData: false }
49 silly addNameRange { name: 'grunt', range: '>=0.4.5-0 <0.5.0-0', hasData: false }
50 verbose request where is /grunt-contrib-concat
51 verbose request registry https://registry.npmjs.org/
52 verbose request id b6bea2f3b55f0373
53 verbose url raw /grunt-contrib-concat
54 verbose url resolving [ 'https://registry.npmjs.org/', './grunt-contrib-concat' ]
55 verbose url resolved https://registry.npmjs.org/grunt-contrib-concat
56 verbose request where is https://registry.npmjs.org/grunt-contrib-concat
57 info trying registry request attempt 1 at 22:41:15
58 verbose etag "CTAFCVJJFRM66076G9UL8E2W4"
59 http GET https://registry.npmjs.org/grunt-contrib-concat
60 verbose request where is /grunt-contrib-watch
61 verbose request registry https://registry.npmjs.org/
62 verbose url raw /grunt-contrib-watch
63 verbose url resolving [ 'https://registry.npmjs.org/', './grunt-contrib-watch' ]
64 verbose url resolved https://registry.npmjs.org/grunt-contrib-watch
65 verbose request where is https://registry.npmjs.org/grunt-contrib-watch
66 info trying registry request attempt 1 at 22:41:15
67 verbose etag "1K2NM4G9QWVB0K3XRG8FC18BU"
68 http GET https://registry.npmjs.org/grunt-contrib-watch
69 verbose request where is /grunt-contrib-sass
70 verbose request registry https://registry.npmjs.org/
71 verbose url raw /grunt-contrib-sass
72 verbose url resolving [ 'https://registry.npmjs.org/', './grunt-contrib-sass' ]
73 verbose url resolved https://registry.npmjs.org/grunt-contrib-sass
74 verbose request where is https://registry.npmjs.org/grunt-contrib-sass
75 info trying registry request attempt 1 at 22:41:15
76 verbose etag "7C9TPN1VWX3YGTCXLYTF71XPH"
77 http GET https://registry.npmjs.org/grunt-contrib-sass
78 verbose request where is /grunt
79 verbose request registry https://registry.npmjs.org/
80 verbose url raw /grunt
81 verbose url resolving [ 'https://registry.npmjs.org/', './grunt' ]
82 verbose url resolved https://registry.npmjs.org/grunt
83 verbose request where is https://registry.npmjs.org/grunt
84 info trying registry request attempt 1 at 22:41:15
85 verbose etag "3Y0N1NC98YPY51B72SU10DTM1"
86 http GET https://registry.npmjs.org/grunt
87 http 304 https://registry.npmjs.org/grunt
88 silly registry.get cb [ 304,
88 silly registry.get   { date: 'Tue, 02 Dec 2014 05:41:20 GMT',
88 silly registry.get     server: 'Apache',
88 silly registry.get     via: '1.1 varnish',
88 silly registry.get     'last-modified': 'Tue, 02 Dec 2014 05:41:20 GMT',
88 silly registry.get     'cache-control': 'max-age=60',
88 silly registry.get     etag: '"3Y0N1NC98YPY51B72SU10DTM1"',
88 silly registry.get     age: '36',
88 silly registry.get     'x-served-by': 'cache-sjc3130-SJC',
88 silly registry.get     'x-cache': 'HIT',
88 silly registry.get     'x-cache-hits': '1',
88 silly registry.get     'x-timer': 'S1417498880.234629,VS0,VE0',
88 silly registry.get     vary: 'Accept',
88 silly registry.get     'content-length': '0',
88 silly registry.get     'keep-alive': 'timeout=10, max=50',
88 silly registry.get     connection: 'Keep-Alive' } ]
89 verbose etag https://registry.npmjs.org/grunt from cache
90 http 304 https://registry.npmjs.org/grunt-contrib-watch
91 silly registry.get cb [ 304,
91 silly registry.get   { date: 'Tue, 02 Dec 2014 05:41:20 GMT',
91 silly registry.get     server: 'Apache',
91 silly registry.get     via: '1.1 varnish',
91 silly registry.get     'last-modified': 'Tue, 02 Dec 2014 05:41:20 GMT',
91 silly registry.get     'cache-control': 'max-age=60',
91 silly registry.get     etag: '"1K2NM4G9QWVB0K3XRG8FC18BU"',
91 silly registry.get     age: '42',
91 silly registry.get     'x-served-by': 'cache-sjc3120-SJC',
91 silly registry.get     'x-cache': 'HIT',
91 silly registry.get     'x-cache-hits': '1',
91 silly registry.get     'x-timer': 'S1417498880.238734,VS0,VE0',
91 silly registry.get     vary: 'Accept',
91 silly registry.get     'content-length': '0',
91 silly registry.get     'keep-alive': 'timeout=10, max=50',
91 silly registry.get     connection: 'Keep-Alive' } ]
92 verbose etag https://registry.npmjs.org/grunt-contrib-watch from cache
93 http 304 https://registry.npmjs.org/grunt-contrib-sass
94 silly registry.get cb [ 304,
94 silly registry.get   { date: 'Tue, 02 Dec 2014 05:41:20 GMT',
94 silly registry.get     server: 'Apache',
94 silly registry.get     via: '1.1 varnish',
94 silly registry.get     'last-modified': 'Tue, 02 Dec 2014 05:41:20 GMT',
94 silly registry.get     'cache-control': 'max-age=60',
94 silly registry.get     etag: '"7C9TPN1VWX3YGTCXLYTF71XPH"',
94 silly registry.get     age: '0',
94 silly registry.get     'x-served-by': 'cache-lax1425-LAX',
94 silly registry.get     'x-cache': 'HIT',
94 silly registry.get     'x-cache-hits': '1',
94 silly registry.get     'x-timer': 'S1417498880.206290,VS0,VE39',
94 silly registry.get     vary: 'Accept',
94 silly registry.get     'content-length': '0',
94 silly registry.get     'keep-alive': 'timeout=10, max=50',
94 silly registry.get     connection: 'Keep-Alive' } ]
95 verbose etag https://registry.npmjs.org/grunt-contrib-sass from cache
96 silly addNameRange number 2 { name: 'grunt', range: '>=0.4.5-0 <0.5.0-0', hasData: true }
97 silly addNameRange versions [ 'grunt',
97 silly addNameRange   [ '0.1.0',
97 silly addNameRange     '0.1.1',
97 silly addNameRange     '0.1.2',
97 silly addNameRange     '0.2.0',
97 silly addNameRange     '0.2.1',
97 silly addNameRange     '0.2.2',
97 silly addNameRange     '0.2.3',
97 silly addNameRange     '0.2.4',
97 silly addNameRange     '0.2.5',
97 silly addNameRange     '0.2.6',
97 silly addNameRange     '0.2.7',
97 silly addNameRange     '0.2.8',
97 silly addNameRange     '0.2.9',
97 silly addNameRange     '0.2.10',
97 silly addNameRange     '0.2.11',
97 silly addNameRange     '0.2.12',
97 silly addNameRange     '0.2.13',
97 silly addNameRange     '0.2.14',
97 silly addNameRange     '0.2.15',
97 silly addNameRange     '0.3.0',
97 silly addNameRange     '0.3.1',
97 silly addNameRange     '0.3.2',
97 silly addNameRange     '0.3.3',
97 silly addNameRange     '0.3.4',
97 silly addNameRange     '0.3.5',
97 silly addNameRange     '0.3.6',
97 silly addNameRange     '0.3.7',
97 silly addNameRange     '0.3.8',
97 silly addNameRange     '0.3.9',
97 silly addNameRange     '0.3.10',
97 silly addNameRange     '0.3.11',
97 silly addNameRange     '0.3.12',
97 silly addNameRange     '0.3.13',
97 silly addNameRange     '0.3.14',
97 silly addNameRange     '0.3.15',
97 silly addNameRange     '0.3.16',
97 silly addNameRange     '0.3.17',
97 silly addNameRange     '0.4.0',
97 silly addNameRange     '0.4.1',
97 silly addNameRange     '0.4.2',
97 silly addNameRange     '0.4.3',
97 silly addNameRange     '0.4.4',
97 silly addNameRange     '0.4.5',
97 silly addNameRange     '0.3.13-a',
97 silly addNameRange     '0.4.0-a',
97 silly addNameRange     '0.4.0-rc1',
97 silly addNameRange     '0.4.0-rc2',
97 silly addNameRange     '0.4.0-rc3',
97 silly addNameRange     '0.4.0-rc4',
97 silly addNameRange     '0.4.0-rc5',
97 silly addNameRange     '0.4.0-rc6',
97 silly addNameRange     '0.4.0-rc7',
97 silly addNameRange     '0.4.0-rc8' ] ]
98 verbose addNamed [ 'grunt', '0.4.5' ]
99 verbose addNamed [ '0.4.5', '0.4.5' ]
100 silly lockFile 81abf7ad-grunt-0-4-5 grunt@0.4.5
101 verbose lock grunt@0.4.5 /home/rusty/.npm/81abf7ad-grunt-0-4-5.lock
102 silly addNameRange number 2 { name: 'grunt-contrib-watch', range: '*', hasData: true }
103 silly addNameRange versions [ 'grunt-contrib-watch',
103 silly addNameRange   [ '0.1.0',
103 silly addNameRange     '0.1.1',
103 silly addNameRange     '0.1.2',
103 silly addNameRange     '0.1.3',
103 silly addNameRange     '0.1.4',
103 silly addNameRange     '0.2.0',
103 silly addNameRange     '0.3.0',
103 silly addNameRange     '0.3.1',
103 silly addNameRange     '0.4.0',
103 silly addNameRange     '0.4.1',
103 silly addNameRange     '0.4.2',
103 silly addNameRange     '0.4.3',
103 silly addNameRange     '0.4.4',
103 silly addNameRange     '0.5.0',
103 silly addNameRange     '0.5.1',
103 silly addNameRange     '0.5.2',
103 silly addNameRange     '0.5.3',
103 silly addNameRange     '0.6.0',
103 silly addNameRange     '0.6.1',
103 silly addNameRange     '0.2.0-a',
103 silly addNameRange     '0.2.0-rc5',
103 silly addNameRange     '0.2.0-rc7' ] ]
104 verbose addNamed [ 'grunt-contrib-watch', '0.6.1' ]
105 verbose addNamed [ '0.6.1', '0.6.1' ]
106 silly lockFile 08049756-grunt-contrib-watch-0-6-1 grunt-contrib-watch@0.6.1
107 verbose lock grunt-contrib-watch@0.6.1 /home/rusty/.npm/08049756-grunt-contrib-watch-0-6-1.lock
108 silly addNameRange number 2 { name: 'grunt-contrib-sass', range: '*', hasData: true }
109 silly addNameRange versions [ 'grunt-contrib-sass',
109 silly addNameRange   [ '0.1.0',
109 silly addNameRange     '0.1.1',
109 silly addNameRange     '0.1.2',
109 silly addNameRange     '0.1.3',
109 silly addNameRange     '0.2.0',
109 silly addNameRange     '0.2.1',
109 silly addNameRange     '0.2.2',
109 silly addNameRange     '0.3.0',
109 silly addNameRange     '0.4.0',
109 silly addNameRange     '0.4.1',
109 silly addNameRange     '0.5.0',
109 silly addNameRange     '0.5.1',
109 silly addNameRange     '0.6.0',
109 silly addNameRange     '0.2.2-rc7',
109 silly addNameRange     '0.7.0',
109 silly addNameRange     '0.7.1',
109 silly addNameRange     '0.7.2',
109 silly addNameRange     '0.7.3',
109 silly addNameRange     '0.7.4',
109 silly addNameRange     '0.8.0',
109 silly addNameRange     '0.8.1' ] ]
110 verbose addNamed [ 'grunt-contrib-sass', '0.8.1' ]
111 verbose addNamed [ '0.8.1', '0.8.1' ]
112 silly lockFile db282d06-grunt-contrib-sass-0-8-1 grunt-contrib-sass@0.8.1
113 verbose lock grunt-contrib-sass@0.8.1 /home/rusty/.npm/db282d06-grunt-contrib-sass-0-8-1.lock
114 silly lockFile 81abf7ad-grunt-0-4-5 grunt@0.4.5
115 silly lockFile 81abf7ad-grunt-0-4-5 grunt@0.4.5
116 silly lockFile 08049756-grunt-contrib-watch-0-6-1 grunt-contrib-watch@0.6.1
117 silly lockFile 08049756-grunt-contrib-watch-0-6-1 grunt-contrib-watch@0.6.1
118 silly lockFile db282d06-grunt-contrib-sass-0-8-1 grunt-contrib-sass@0.8.1
119 silly lockFile db282d06-grunt-contrib-sass-0-8-1 grunt-contrib-sass@0.8.1
120 silly lockFile 240974bb-grunt-0-4-5 grunt@~0.4.5
121 silly lockFile 240974bb-grunt-0-4-5 grunt@~0.4.5
122 silly lockFile b64937f1-grunt-contrib-watch grunt-contrib-watch@
123 silly lockFile b64937f1-grunt-contrib-watch grunt-contrib-watch@
124 silly lockFile 5a9e20b6-grunt-contrib-sass grunt-contrib-sass@
125 silly lockFile 5a9e20b6-grunt-contrib-sass grunt-contrib-sass@
126 http 304 https://registry.npmjs.org/grunt-contrib-concat
127 silly registry.get cb [ 304,
127 silly registry.get   { date: 'Tue, 02 Dec 2014 05:41:20 GMT',
127 silly registry.get     server: 'Apache',
127 silly registry.get     via: '1.1 varnish',
127 silly registry.get     'last-modified': 'Tue, 02 Dec 2014 05:41:20 GMT',
127 silly registry.get     'cache-control': 'max-age=60',
127 silly registry.get     etag: '"CTAFCVJJFRM66076G9UL8E2W4"',
127 silly registry.get     age: '0',
127 silly registry.get     'x-served-by': 'cache-lax1422-LAX',
127 silly registry.get     'x-cache': 'HIT',
127 silly registry.get     'x-cache-hits': '1',
127 silly registry.get     'x-timer': 'S1417498880.193434,VS0,VE309',
127 silly registry.get     vary: 'Accept',
127 silly registry.get     'content-length': '0',
127 silly registry.get     'keep-alive': 'timeout=10, max=50',
127 silly registry.get     connection: 'Keep-Alive' } ]
128 verbose etag https://registry.npmjs.org/grunt-contrib-concat from cache
129 silly addNameRange number 2 { name: 'grunt-contrib-concat', range: '*', hasData: true }
130 silly addNameRange versions [ 'grunt-contrib-concat',
130 silly addNameRange   [ '0.1.0',
130 silly addNameRange     '0.1.1',
130 silly addNameRange     '0.1.2',
130 silly addNameRange     '0.1.3',
130 silly addNameRange     '0.2.0',
130 silly addNameRange     '0.3.0',
130 silly addNameRange     '0.4.0',
130 silly addNameRange     '0.5.0',
130 silly addNameRange     '0.1.2-rc5',
130 silly addNameRange     '0.1.2-rc6' ] ]
131 verbose addNamed [ 'grunt-contrib-concat', '0.5.0' ]
132 verbose addNamed [ '0.5.0', '0.5.0' ]
133 silly lockFile 02f03e4c-grunt-contrib-concat-0-5-0 grunt-contrib-concat@0.5.0
134 verbose lock grunt-contrib-concat@0.5.0 /home/rusty/.npm/02f03e4c-grunt-contrib-concat-0-5-0.lock
135 silly lockFile 527a633f-t-grunt-contrib-concat-0-5-0-tgz https://registry.npmjs.org/grunt-contrib-concat/-/grunt-contrib-concat-0.5.0.tgz
136 verbose lock https://registry.npmjs.org/grunt-contrib-concat/-/grunt-contrib-concat-0.5.0.tgz /home/rusty/.npm/527a633f-t-grunt-contrib-concat-0-5-0-tgz.lock
137 verbose addRemoteTarball [ 'https://registry.npmjs.org/grunt-contrib-concat/-/grunt-contrib-concat-0.5.0.tgz',
137 verbose addRemoteTarball   '78cfc6ba1ee9bb2188a1d6ba7ec5cf15fd1316c9' ]
138 info retry fetch attempt 1 at 22:41:16
139 verbose fetch to= /tmp/npm-3160-lncfKRRy/registry.npmjs.org/grunt-contrib-concat/-/grunt-contrib-concat-0.5.0.tgz
140 http GET https://registry.npmjs.org/grunt-contrib-concat/-/grunt-contrib-concat-0.5.0.tgz
141 http 200 https://registry.npmjs.org/grunt-contrib-concat/-/grunt-contrib-concat-0.5.0.tgz
142 silly lockFile 527a633f-t-grunt-contrib-concat-0-5-0-tgz https://registry.npmjs.org/grunt-contrib-concat/-/grunt-contrib-concat-0.5.0.tgz
143 silly lockFile 527a633f-t-grunt-contrib-concat-0-5-0-tgz https://registry.npmjs.org/grunt-contrib-concat/-/grunt-contrib-concat-0.5.0.tgz
144 silly lockFile 02f03e4c-grunt-contrib-concat-0-5-0 grunt-contrib-concat@0.5.0
145 silly lockFile 02f03e4c-grunt-contrib-concat-0-5-0 grunt-contrib-concat@0.5.0
146 silly lockFile 9f2aab3b-grunt-contrib-concat grunt-contrib-concat@
147 silly lockFile 9f2aab3b-grunt-contrib-concat grunt-contrib-concat@
148 error Error: EACCES, mkdir '/home/rusty/.npm/grunt-contrib-concat/0.5.0'
148 error  { [Error: EACCES, mkdir '/home/rusty/.npm/grunt-contrib-concat/0.5.0']
148 error   errno: 3,
148 error   code: 'EACCES',
148 error   path: '/home/rusty/.npm/grunt-contrib-concat/0.5.0',
148 error   parent: 'Be-Aware' }
149 error Please try running this command again as root/Administrator.
150 error System Linux 3.13.0-34-generic
151 error command "/usr/bin/node" "/usr/bin/npm" "install"
152 error cwd /var/www/html/Be-Aware
153 error node -v v0.10.31
154 error npm -v 1.4.23
155 error path /home/rusty/.npm/grunt-contrib-concat/0.5.0
156 error code EACCES
157 error errno 3
158 error stack Error: EACCES, mkdir '/home/rusty/.npm/grunt-contrib-concat/0.5.0'
159 verbose exit [ 3, true ]
